[ 2024-10-14 14:53:44,281 ] 21 root - INFO - Data Ingestion method starts
[ 2024-10-14 14:53:44,293 ] 25 root - INFO - Dataset read as pandas Dataframe
[ 2024-10-14 14:53:44,299 ] 31 root - INFO - Train test split
[ 2024-10-14 14:53:44,308 ] 37 root - INFO - Ingestion of data is completed
[ 2024-10-14 14:53:44,329 ] 74 root - INFO - Read train and test data completed
[ 2024-10-14 14:53:44,337 ] 75 root - INFO - Train Dataframe Head : 
   day  month  year  Temperature  RH  Ws  Rain  FFMC   DMC    DC  ISI   BUI   FWI      Classes  Region
0   30      6  2012           33  50  14   0.0  88.7  22.9  92.8  7.2  28.3  12.9      fire          0
1   29      9  2012           26  80  16   1.8  47.4   2.9   7.7  0.3   3.0   0.1  not fire          0
2   23      9  2012           32  54  11   0.5  73.7   7.9  30.4  1.2   9.6   0.7  not fire          0
3   29      9  2012           24  54  18   0.1  79.7   4.3  15.2  1.7   5.1   0.7  not fire          1
4    6      6  2012           31  67  14   0.0  82.6   5.8  22.2  3.1   7.0   2.5      fire          0
[ 2024-10-14 14:53:44,341 ] 76 root - INFO - Test Dataframe Head  : 
   day  month  year  Temperature  RH  Ws  Rain  FFMC   DMC    DC  ISI   BUI  FWI      Classes  Region
0   25      6  2012           31  64  15   0.0  86.7  14.2  63.8  5.7  18.3  8.4      fire          0
1    7      6  2012           33  54  13   0.0  88.2   9.9  30.5  6.4  10.9  7.2      fire          0
2    1      7  2012           28  58  18   2.2  63.7   3.2   8.5  1.2   3.3  0.5  not fire          1
3   20      9  2012           34  58  13   0.2  79.5  18.7  88.0  2.1  24.4  3.8  not fire          1
4   26      9  2012           30  65  14   0.0  85.4  16.0  44.5  4.5  16.9  6.5      fire          1
[ 2024-10-14 14:53:44,341 ] 78 root - INFO - Obtaining preprocessing object
[ 2024-10-14 14:53:44,341 ] 33 root - INFO - Data Transformation initiated
[ 2024-10-14 14:53:44,341 ] 57 root - INFO - Pipeline Initiated
[ 2024-10-14 14:53:44,343 ] 92 root - INFO - Applying preprocessing object on training and testing datasets.
[ 2024-10-14 14:53:44,360 ] 108 root - INFO - Preprocessor pickle is created and saved
